  background.cpp
  background_manager.cpp
  background_middle_layer.cpp
  background_name.cpp
  background_ranking.cpp
  background_result.cpp
  background_title.cpp
  background_tutorial.cpp
  background_under_layer.cpp
  background_upper_layer.cpp
  bullet.cpp
  bullet_bomb.cpp
  bullet_direction.cpp
  bullet_enemy.cpp
  bullet_fireball.cpp
  bullet_flower.cpp
  bullet_homing.cpp
  bullet_n-way.cpp
  bullet_player.cpp
  button.cpp
  コンパイル中...
  continue_logo.cpp
  effect.cpp
  enemy.cpp
  enemy_bomb_body.cpp
  enemy_bomb_head.cpp
  enemy_dragon.cpp
  enemy_eye_hard.cpp
  enemy_eye_normal.cpp
  enemy_flower.cpp
  enemy_spider.cpp
  explosion.cpp
  explosion_bomb.cpp
  explosion_death.cpp
  explosion_dragon.cpp
  explosion_fireball.cpp
  fade.cpp
  flame.cpp
  gameclear_logo.cpp
  item.cpp
  item_bomb.cpp
  コンパイル中...
  item_levelup.cpp
  item_life.cpp
  manager.cpp
  mode_game.cpp
  mode_name.cpp
  mode_ranking.cpp
  mode_result.cpp
  mode_title.cpp
  mode_tutorial.cpp
  name.cpp
  player.cpp
  ranking.cpp
  renderer.cpp
  result.cpp
  scene.cpp
  scene2d.cpp
  text.cpp
  ui_bomb.cpp
  ui_bomb_texture.cpp
  ui_life.cpp
  コンパイル中...
  ui_life_texture.cpp
  ui_number_texture.cpp
  ui_score.cpp
  warning.cpp
  wormhole.cpp
  コード生成しています。
  5 of 804 functions ( 0.6%) were compiled, the rest were copied from previous compilation.
    0 functions were new in current compilation
    9 functions had inline decision re-evaluated but remain unchanged
  コード生成が終了しました。
  SpaceBattle.vcxproj -> C:\Users\gsp025\Desktop\TaichiNikaido\吉田学園情報ビジネス専門学校_二階堂汰一\00_2年2Dシューティングゲーム\05_ソースファイル\Release\SpaceBattle.exe
  SpaceBattle.vcxproj -> C:\Users\gsp025\Desktop\TaichiNikaido\吉田学園情報ビジネス専門学校_二階堂汰一\00_2年2Dシューティングゲーム\05_ソースファイル\Release\SpaceBattle.pdb (Full PDB)
