  wormhole.cpp
c:\users\gsp025\desktop\taichinikaido\吉田学園情報ビジネス専門学校_二階堂汰一\02_2年2dシューティングゲーム\05_無修正版ソースファイル\シューティングゲーム\main.h(15): fatal error C1083: include ファイルを開けません。'd3dx9.h':No such file or directory
  warning.cpp
c:\users\gsp025\desktop\taichinikaido\吉田学園情報ビジネス専門学校_二階堂汰一\02_2年2dシューティングゲーム\05_無修正版ソースファイル\シューティングゲーム\main.h(15): fatal error C1083: include ファイルを開けません。'd3dx9.h':No such file or directory
  tutorial.cpp
c:\users\gsp025\desktop\taichinikaido\吉田学園情報ビジネス専門学校_二階堂汰一\02_2年2dシューティングゲーム\05_無修正版ソースファイル\シューティングゲーム\main.h(15): fatal error C1083: include ファイルを開けません。'd3dx9.h':No such file or directory
  title.cpp
c:\users\gsp025\desktop\taichinikaido\吉田学園情報ビジネス専門学校_二階堂汰一\02_2年2dシューティングゲーム\05_無修正版ソースファイル\シューティングゲーム\main.h(15): fatal error C1083: include ファイルを開けません。'd3dx9.h':No such file or directory
  text.cpp
c:\users\gsp025\desktop\taichinikaido\吉田学園情報ビジネス専門学校_二階堂汰一\02_2年2dシューティングゲーム\05_無修正版ソースファイル\シューティングゲーム\main.h(15): fatal error C1083: include ファイルを開けません。'd3dx9.h':No such file or directory
  tcp_client.cpp
c:\users\gsp025\desktop\taichinikaido\吉田学園情報ビジネス専門学校_二階堂汰一\02_2年2dシューティングゲーム\05_無修正版ソースファイル\シューティングゲーム\main.h(15): fatal error C1083: include ファイルを開けません。'd3dx9.h':No such file or directory
  sound.cpp
c:\users\gsp025\desktop\taichinikaido\吉田学園情報ビジネス専門学校_二階堂汰一\02_2年2dシューティングゲーム\05_無修正版ソースファイル\シューティングゲーム\main.h(15): fatal error C1083: include ファイルを開けません。'd3dx9.h':No such file or directory
  score.cpp
c:\users\gsp025\desktop\taichinikaido\吉田学園情報ビジネス専門学校_二階堂汰一\02_2年2dシューティングゲーム\05_無修正版ソースファイル\シューティングゲーム\main.h(15): fatal error C1083: include ファイルを開けません。'd3dx9.h':No such file or directory
  scene2d.cpp
c:\users\gsp025\desktop\taichinikaido\吉田学園情報ビジネス専門学校_二階堂汰一\02_2年2dシューティングゲーム\05_無修正版ソースファイル\シューティングゲーム\main.h(15): fatal error C1083: include ファイルを開けません。'd3dx9.h':No such file or directory
  scene.cpp
c:\users\gsp025\desktop\taichinikaido\吉田学園情報ビジネス専門学校_二階堂汰一\02_2年2dシューティングゲーム\05_無修正版ソースファイル\シューティングゲーム\main.h(15): fatal error C1083: include ファイルを開けません。'd3dx9.h':No such file or directory
  result.cpp
c:\users\gsp025\desktop\taichinikaido\吉田学園情報ビジネス専門学校_二階堂汰一\02_2年2dシューティングゲーム\05_無修正版ソースファイル\シューティングゲーム\main.h(15): fatal error C1083: include ファイルを開けません。'd3dx9.h':No such file or directory
  renderer.cpp
c:\users\gsp025\desktop\taichinikaido\吉田学園情報ビジネス専門学校_二階堂汰一\02_2年2dシューティングゲーム\05_無修正版ソースファイル\シューティングゲーム\main.h(15): fatal error C1083: include ファイルを開けません。'd3dx9.h':No such file or directory
  ranking.cpp
c:\users\gsp025\desktop\taichinikaido\吉田学園情報ビジネス専門学校_二階堂汰一\02_2年2dシューティングゲーム\05_無修正版ソースファイル\シューティングゲーム\main.h(15): fatal error C1083: include ファイルを開けません。'd3dx9.h':No such file or directory
  player.cpp
c:\users\gsp025\desktop\taichinikaido\吉田学園情報ビジネス専門学校_二階堂汰一\02_2年2dシューティングゲーム\05_無修正版ソースファイル\シューティングゲーム\main.h(15): fatal error C1083: include ファイルを開けません。'd3dx9.h':No such file or directory
  ownui.cpp
c:\users\gsp025\desktop\taichinikaido\吉田学園情報ビジネス専門学校_二階堂汰一\02_2年2dシューティングゲーム\05_無修正版ソースファイル\シューティングゲーム\main.h(15): fatal error C1083: include ファイルを開けません。'd3dx9.h':No such file or directory
  own.cpp
c:\users\gsp025\desktop\taichinikaido\吉田学園情報ビジネス専門学校_二階堂汰一\02_2年2dシューティングゲーム\05_無修正版ソースファイル\シューティングゲーム\main.h(15): fatal error C1083: include ファイルを開けません。'd3dx9.h':No such file or directory
  number.cpp
c:\users\gsp025\desktop\taichinikaido\吉田学園情報ビジネス専門学校_二階堂汰一\02_2年2dシューティングゲーム\05_無修正版ソースファイル\シューティングゲーム\main.h(15): fatal error C1083: include ファイルを開けません。'd3dx9.h':No such file or directory
  name.cpp
c:\users\gsp025\desktop\taichinikaido\吉田学園情報ビジネス専門学校_二階堂汰一\02_2年2dシューティングゲーム\05_無修正版ソースファイル\シューティングゲーム\main.h(15): fatal error C1083: include ファイルを開けません。'd3dx9.h':No such file or directory
  manager.cpp
c:\users\gsp025\desktop\taichinikaido\吉田学園情報ビジネス専門学校_二階堂汰一\02_2年2dシューティングゲーム\05_無修正版ソースファイル\シューティングゲーム\main.h(15): fatal error C1083: include ファイルを開けません。'd3dx9.h':No such file or directory
  main.cpp
c:\users\gsp025\desktop\taichinikaido\吉田学園情報ビジネス専門学校_二階堂汰一\02_2年2dシューティングゲーム\05_無修正版ソースファイル\シューティングゲーム\main.h(15): fatal error C1083: include ファイルを開けません。'd3dx9.h':No such file or directory
  コードを生成中...
  コンパイル中...
  keyboard.cpp
c:\users\gsp025\desktop\taichinikaido\吉田学園情報ビジネス専門学校_二階堂汰一\02_2年2dシューティングゲーム\05_無修正版ソースファイル\シューティングゲーム\main.h(15): fatal error C1083: include ファイルを開けません。'd3dx9.h':No such file or directory
  joystick.cpp
c:\users\gsp025\desktop\taichinikaido\吉田学園情報ビジネス専門学校_二階堂汰一\02_2年2dシューティングゲーム\05_無修正版ソースファイル\シューティングゲーム\main.h(15): fatal error C1083: include ファイルを開けません。'd3dx9.h':No such file or directory
  item.cpp
c:\users\gsp025\desktop\taichinikaido\吉田学園情報ビジネス専門学校_二階堂汰一\02_2年2dシューティングゲーム\05_無修正版ソースファイル\シューティングゲーム\main.h(15): fatal error C1083: include ファイルを開けません。'd3dx9.h':No such file or directory
  input.cpp
c:\users\gsp025\desktop\taichinikaido\吉田学園情報ビジネス専門学校_二階堂汰一\02_2年2dシューティングゲーム\05_無修正版ソースファイル\シューティングゲーム\main.h(15): fatal error C1083: include ファイルを開けません。'd3dx9.h':No such file or directory
  game.cpp
c:\users\gsp025\desktop\taichinikaido\吉田学園情報ビジネス専門学校_二階堂汰一\02_2年2dシューティングゲーム\05_無修正版ソースファイル\シューティングゲーム\main.h(15): fatal error C1083: include ファイルを開けません。'd3dx9.h':No such file or directory
  flame.cpp
c:\users\gsp025\desktop\taichinikaido\吉田学園情報ビジネス専門学校_二階堂汰一\02_2年2dシューティングゲーム\05_無修正版ソースファイル\シューティングゲーム\main.h(15): fatal error C1083: include ファイルを開けません。'd3dx9.h':No such file or directory
  fade.cpp
c:\users\gsp025\desktop\taichinikaido\吉田学園情報ビジネス専門学校_二階堂汰一\02_2年2dシューティングゲーム\05_無修正版ソースファイル\シューティングゲーム\main.h(15): fatal error C1083: include ファイルを開けません。'd3dx9.h':No such file or directory
  explosion.cpp
c:\users\gsp025\desktop\taichinikaido\吉田学園情報ビジネス専門学校_二階堂汰一\02_2年2dシューティングゲーム\05_無修正版ソースファイル\シューティングゲーム\main.h(15): fatal error C1083: include ファイルを開けません。'd3dx9.h':No such file or directory
  enemy.cpp
c:\users\gsp025\desktop\taichinikaido\吉田学園情報ビジネス専門学校_二階堂汰一\02_2年2dシューティングゲーム\05_無修正版ソースファイル\シューティングゲーム\main.h(15): fatal error C1083: include ファイルを開けません。'd3dx9.h':No such file or directory
  effect.cpp
c:\users\gsp025\desktop\taichinikaido\吉田学園情報ビジネス専門学校_二階堂汰一\02_2年2dシューティングゲーム\05_無修正版ソースファイル\シューティングゲーム\main.h(15): fatal error C1083: include ファイルを開けません。'd3dx9.h':No such file or directory
  dragon.cpp
c:\users\gsp025\desktop\taichinikaido\吉田学園情報ビジネス専門学校_二階堂汰一\02_2年2dシューティングゲーム\05_無修正版ソースファイル\シューティングゲーム\main.h(15): fatal error C1083: include ファイルを開けません。'd3dx9.h':No such file or directory
  bullet.cpp
c:\users\gsp025\desktop\taichinikaido\吉田学園情報ビジネス専門学校_二階堂汰一\02_2年2dシューティングゲーム\05_無修正版ソースファイル\シューティングゲーム\main.h(15): fatal error C1083: include ファイルを開けません。'd3dx9.h':No such file or directory
  bombui.cpp
c:\users\gsp025\desktop\taichinikaido\吉田学園情報ビジネス専門学校_二階堂汰一\02_2年2dシューティングゲーム\05_無修正版ソースファイル\シューティングゲーム\main.h(15): fatal error C1083: include ファイルを開けません。'd3dx9.h':No such file or directory
  bombtexture.cpp
c:\users\gsp025\desktop\taichinikaido\吉田学園情報ビジネス専門学校_二階堂汰一\02_2年2dシューティングゲーム\05_無修正版ソースファイル\シューティングゲーム\main.h(15): fatal error C1083: include ファイルを開けません。'd3dx9.h':No such file or directory
  Bomb.cpp
c:\users\gsp025\desktop\taichinikaido\吉田学園情報ビジネス専門学校_二階堂汰一\02_2年2dシューティングゲーム\05_無修正版ソースファイル\シューティングゲーム\main.h(15): fatal error C1083: include ファイルを開けません。'd3dx9.h':No such file or directory
  background.cpp
c:\users\gsp025\desktop\taichinikaido\吉田学園情報ビジネス専門学校_二階堂汰一\02_2年2dシューティングゲーム\05_無修正版ソースファイル\シューティングゲーム\main.h(15): fatal error C1083: include ファイルを開けません。'd3dx9.h':No such file or directory
  コードを生成中...
