  mode_game.cpp
  bullet_player.cpp
  コードを生成中...
  スキップ中... (関連する変更は検出されませんでした)
  wormhole.cpp
  warning.cpp
  ui_score.cpp
  ui_number_texture.cpp
  ui_life_texture.cpp
  ui_life.cpp
  ui_bomb_texture.cpp
  ui_bomb.cpp
  text.cpp
  scene2d.cpp
  scene.cpp
  renderer.cpp
  player.cpp
  name.cpp
  mode_tutorial.cpp
  mode_title.cpp
  mode_result.cpp
  mode_ranking.cpp
  mode_name.cpp
  manager.cpp
  item_life.cpp
  item_levelup.cpp
  item_bomb.cpp
  item.cpp
  fade.cpp
  explosion_death.cpp
  explosion_bomb.cpp
  explosion.cpp
  enemy_spider.cpp
  enemy_flower.cpp
  enemy_eye_normal.cpp
  enemy_eye_hard.cpp
  enemy_dragon.cpp
  enemy.cpp
  effect.cpp
  button.cpp
  bullet_n-way.cpp
  bullet_homing.cpp
  bullet_flower.cpp
  bullet_fireball.cpp
  bullet_enemy.cpp
  bullet_direction.cpp
  bullet_bomb.cpp
  bullet.cpp
  background_upper_layer.cpp
  background_under_layer.cpp
  background_tutorial.cpp
  background_title.cpp
  background_result.cpp
  background_ranking.cpp
  background_name.cpp
  background_middle_layer.cpp
  background_manager.cpp
  background.cpp
  SpaceBattle.vcxproj -> C:\Users\gsp025\Documents\Visual Studio 2015\Projects\SpaceBattle\Debug\SpaceBattle.exe
  SpaceBattle.vcxproj -> C:\Users\gsp025\Documents\Visual Studio 2015\Projects\SpaceBattle\Debug\SpaceBattle.pdb (Full PDB)
